C[CH]CO = C[CH]CO  -2.20  -1.80   -27.20
C[CH]CO = CC1OC1 + [H]  -27.20  31.80   16.10
C[CH]CO = CC[CH]O  -27.20  12.90   -30.90
C[CH]CO = OC=CC + [H]  -27.20  6.20   2.10
C[CH]CO = CCC[O]  -27.20  13.10   -24.90
C[CH]CO = [CH2]CCO  -27.20  5.60   -20.90
C[CH]CO = C=CCO + [H]  -27.20  9.60   7.90
CC[CH]O = CCC[O]  -30.90  12.70   -24.90
CC[CH]O = C1CC1O + [H]  -30.90  30.40   14.40
CC[CH]O = [CH2]CCO  -30.90  6.60   -20.90
CC[CH]O = OC=CC + [H]  -30.90  3.70   2.10
CC[CH]O = CCC=O + [H]  -30.90  3.60   -6.80
CC[CH]O = C=CO + [CH3]  -30.90  0.10   -9.00
CCC[O] = [CH2]CCO  -24.90  -0.10   -20.90
CCC[O] = C1CCO1 + [H]  -24.90  36.70   19.60
CCC[O] = C1CC1O + [H]  -24.90  35.00   14.40
CCC[O] = C=CCO + [H]  -24.90  10.90   7.90
CCC[O] = C=C + [CH2]O  -24.90  2.70   -5.30
[CH2]CCO = C1CCO1 + [H]  -20.90  41.90   19.60
[CH2]CCO = CC1OC1 + [H]  -20.90  31.60   16.10
[CH2]CCO = CCC=O + [H]  -20.90  -0.60   -6.80
[CH2]CCO = [CH2]C + C=O  -20.90  -6.60   -11.60
C=CC + C=CC + O = C[CH]CO  0.00  0.00  -2.20
